I, [2014-08-03T22:13:55.745418 #10823]  INFO -- Kitchen: -----> Cleaning up any prior instances of <default-ubuntu-1404>
I, [2014-08-03T22:13:55.745599 #10823]  INFO -- Kitchen: -----> Destroying <default-ubuntu-1404>...
I, [2014-08-03T22:13:55.774483 #10823]  INFO -- Kitchen: -----> Testing <default-ubuntu-1404>
I, [2014-08-03T22:13:55.774606 #10823]  INFO -- Kitchen: -----> Creating <default-ubuntu-1404>...
I, [2014-08-03T22:13:56.971200 #10823]  INFO -- Kitchen: -----> Converging <default-ubuntu-1404>...
I, [2014-08-03T22:14:53.047916 #10823]  INFO -- Kitchen: -----> Destroying <default-ubuntu-1404>...
I, [2014-08-03T22:16:33.458652 #11411]  INFO -- Kitchen: -----> Cleaning up any prior instances of <default-ubuntu-1404>
I, [2014-08-03T22:16:33.458801 #11411]  INFO -- Kitchen: -----> Destroying <default-ubuntu-1404>...
I, [2014-08-03T22:16:33.477068 #11411]  INFO -- Kitchen: -----> Testing <default-ubuntu-1404>
I, [2014-08-03T22:16:33.477243 #11411]  INFO -- Kitchen: -----> Creating <default-ubuntu-1404>...
I, [2014-08-03T22:16:33.678413 #11411]  INFO -- Kitchen: -----> Converging <default-ubuntu-1404>...
I, [2014-08-03T22:19:19.179258 #11411]  INFO -- Kitchen: -----> Destroying <default-ubuntu-1404>...
I, [2014-08-03T22:20:14.934179 #12091]  INFO -- Kitchen: -----> Cleaning up any prior instances of <default-ubuntu-1404>
I, [2014-08-03T22:20:14.934328 #12091]  INFO -- Kitchen: -----> Destroying <default-ubuntu-1404>...
I, [2014-08-03T22:20:14.971745 #12091]  INFO -- Kitchen: -----> Testing <default-ubuntu-1404>
I, [2014-08-03T22:20:14.971944 #12091]  INFO -- Kitchen: -----> Creating <default-ubuntu-1404>...
I, [2014-08-03T22:20:15.156533 #12091]  INFO -- Kitchen: -----> Converging <default-ubuntu-1404>...
I, [2014-08-03T22:22:20.364762 #12091]  INFO -- Kitchen: -----> Destroying <default-ubuntu-1404>...
I, [2014-08-03T22:24:30.687189 #13248]  INFO -- Kitchen: -----> Cleaning up any prior instances of <default-ubuntu-1404>
I, [2014-08-03T22:24:30.687334 #13248]  INFO -- Kitchen: -----> Destroying <default-ubuntu-1404>...
I, [2014-08-03T22:24:30.724298 #13248]  INFO -- Kitchen: -----> Testing <default-ubuntu-1404>
I, [2014-08-03T22:24:30.724555 #13248]  INFO -- Kitchen: -----> Creating <default-ubuntu-1404>...
I, [2014-08-03T22:24:30.924692 #13248]  INFO -- Kitchen: -----> Converging <default-ubuntu-1404>...
I, [2014-08-03T22:25:31.738565 #13248]  INFO -- Kitchen: -----> Setting up <default-ubuntu-1404>...
I, [2014-08-03T22:25:31.740279 #13248]  INFO -- Kitchen: -----> Verifying <default-ubuntu-1404>...
I, [2014-08-03T22:25:31.741975 #13248]  INFO -- Kitchen: -----> Destroying <default-ubuntu-1404>...
